---------------------------------------------------------------
[ 2018-11-12T10:07:56+08:00 ] 127.0.0.1 GET /server/public/
[ info ] appmanage.net/server/public/ [运行时间：0.606035s][吞吐率：1.65req/s] [内存消耗：2,361.61kb] [文件加载：71]
[ info ] [ CACHE ] INIT File
[ info ] [ BEHAVIOR ] Run cmf\behavior\InitHookBehavior @app_init [ RunTime:0.032001s ]
[ info ] [ LANG ] D:\WWW\PHPTutorial\WWW\app_manage\server\simplewind\thinkphp\lang\zh-cn.php
[ info ] [ ROUTE ] array (
  'type' => 'module',
  'module' => 
  array (
    0 => '',
    1 => NULL,
    2 => NULL,
  ),
)
[ info ] [ HEADER ] array (
  'accept-language' => 'zh-CN,zh;q=0.9',
  'accept-encoding' => 'gzip, deflate',
  'accept' => 'text/html,application/xhtml+xml,application/xml;q=0.9,image/webp,image/apng,*/*;q=0.8',
  'user-agent' => 'Mozilla/5.0 (Windows NT 6.1; Win64; x64) AppleWebKit/537.36 (KHTML, like Gecko) Chrome/70.0.3538.77 Safari/537.36',
  'upgrade-insecure-requests' => '1',
  'connection' => 'close',
  'host' => 'appmanage.net',
)
[ info ] [ PARAM ] array (
)
[ info ] [ LANG ] D:\WWW\PHPTutorial\WWW\app_manage\server\public/../simplewind/cmf/lang\zh-cn.php
[ info ] [ LANG ] D:\WWW\PHPTutorial\WWW\app_manage\server\public/../app/admin\lang\zh-cn\common.php
[ info ] [ LANG ] D:\WWW\PHPTutorial\WWW\app_manage\server\public/../app/portal\lang\zh-cn\common.php
[ info ] [ BEHAVIOR ] Run cmf\behavior\LangBehavior @app_begin [ RunTime:0.051003s ]
[ info ] [ LANG ] D:\WWW\PHPTutorial\WWW\app_manage\server\public/../app/portal\lang\zh-cn.php
[ info ] [ BEHAVIOR ] Run cmf\behavior\InitAppHookBehavior @module_init [ RunTime:0.003000s ]
[ info ] [ DB ] INIT mysql
[ info ] [ LANG ] D:\WWW\PHPTutorial\WWW\app_manage\server\public/../app/portal\lang\zh-cn\home.php
[ info ] [ BEHAVIOR ] Run cmf\behavior\HomeLangBehavior @home_init [ RunTime:0.010001s ]
[ info ] [ LOG ] INIT File
[ sql ] [ DB ] CONNECT:[ UseTime:0.004000s ] mysql:host=168.168.0.253;port=3306;dbname=app_manage;charset=utf8mb4
[ sql ] [ SQL ] SHOW COLUMNS FROM `am_option` [ RunTime:0.002000s ]
[ sql ] [ SQL ] SELECT `option_value` FROM `am_option` WHERE  `option_name` = 'cdn_settings' LIMIT 1 [ RunTime:0.001000s ]
[ error ] [8]unserialize(): Error at offset 0 of 166 bytes[D:\WWW\PHPTutorial\WWW\app_manage\server\simplewind\thinkphp\library\think\cache\driver\File.php:126]
