---------------------------------------------------------------
[ 2018-11-08T19:33:35+08:00 ] 168.168.4.20 GET /app_manage/api/public/api/
[ info ] 168.168.4.20/app_manage/api/public/api/ [运行时间：0.161903s][吞吐率：6.18req/s] [内存消耗：775.51kb] [文件加载：56]
[ info ] [ CACHE ] INIT File
[ info ] [ DB ] INIT mysql
[ info ] [ BEHAVIOR ] Run cmf\behavior\InitHookBehavior @app_init [ RunTime:0.052656s ]
[ info ] [ LANG ] /var/www/app_manage/api/simplewind/thinkphp/lang/zh-cn.php
[ info ] [ ROUTE ] array (
  'type' => 'module',
  'module' => 
  array (
    0 => '',
    1 => NULL,
    2 => NULL,
  ),
)
[ info ] [ HEADER ] array (
  'host' => '168.168.4.20',
  'connection' => 'keep-alive',
  'upgrade-insecure-requests' => '1',
  'user-agent' => 'Mozilla/5.0 (X11; Linux x86_64) AppleWebKit/537.36 (KHTML, like Gecko) Ubuntu Chromium/70.0.3538.77 Chrome/70.0.3538.77 Safari/537.36',
  'accept' => 'text/html,application/xhtml+xml,application/xml;q=0.9,image/webp,image/apng,*/*;q=0.8',
  'accept-encoding' => 'gzip, deflate',
  'accept-language' => 'zh-CN,zh;q=0.9,en;q=0.8,en-US;q=0.7',
  'cookie' => 'thinkphp_show_page_trace=0|0; UM_distinctid=16685f5b14775-0e2b6daf73754-24414032-1fa400-16685f5b148209; cookie_token=149d3aa38c34a4e4cb07ab5166dd8c1e85b336a5648af87dbb7cde436df497ca; admin_username=admin; ECS[visit_times]=2; CNZZDATA1260434001=1703256681-1539842422-http%253A%252F%252F168.168.4.20%252F%7C1540807386; _cnzz_CV1260434001=toJSONString%7C%7C; PHPSESSID=e0unrqfcnrigtrkl7atjsl7ks4',
)
[ info ] [ PARAM ] array (
)
[ info ] [ LANG ] /var/www/app_manage/api/public/api/../../simplewind/cmf/lang/zh-cn.php
[ info ] [ BEHAVIOR ] Run cmf\behavior\LangBehavior @app_begin [ RunTime:0.000557s ]
[ info ] [ RUN ] api\home\controller\IndexController->index[ /var/www/app_manage/api/api/home/controller/IndexController.php ]
[ info ] [ LOG ] INIT File
[ sql ] [ DB ] CONNECT:[ UseTime:0.000469s ] mysql:host=127.0.0.1;port=3306;dbname=app_manage;charset=utf8mb4
[ sql ] [ SQL ] SHOW COLUMNS FROM `am_hook` [ RunTime:0.049065s ]
[ sql ] [ SQL ] SELECT `hook` FROM `am_hook` WHERE  `type` = 1 OR (  `type` = 3  AND ( `app` = '' or `app` = 'cmf' ) ) [ RunTime:0.000385s ]
[ sql ] [ SQL ] SHOW COLUMNS FROM `am_hook_plugin` [ RunTime:0.000527s ]
[ sql ] [ SQL ] SELECT `hook`,`plugin` FROM `am_hook_plugin` WHERE  `status` = 1  AND `hook` IN ('app_init','app_begin','module_init','action_begin','view_filter','app_end','log_write','response_end','admin_init','home_init','send_mobile_verification_code','body_start','before_head_end','footer_start','before_footer','before_footer_end','before_body_end','left_sidebar_start','before_left_sidebar_end','right_sidebar_start','before_right_sidebar_end','comment','guestbook','switch_theme','after_content','before_content','log_write_done','switch_admin_theme','captcha_image') ORDER BY `list_order` ASC [ RunTime:0.000329s ]
---------------------------------------------------------------
[ 2018-11-08T19:34:53+08:00 ] 168.168.4.20 GET /app_manage/api/public/api/
[ info ] 168.168.4.20/app_manage/api/public/api/ [运行时间：0.003025s][吞吐率：330.57req/s] [内存消耗：558.34kb] [文件加载：51]
[ info ] [ CACHE ] INIT File
[ info ] [ BEHAVIOR ] Run cmf\behavior\InitHookBehavior @app_init [ RunTime:0.000217s ]
[ info ] [ LANG ] /var/www/app_manage/api/simplewind/thinkphp/lang/zh-cn.php
[ info ] [ ROUTE ] array (
  'type' => 'module',
  'module' => 
  array (
    0 => '',
    1 => NULL,
    2 => NULL,
  ),
)
[ info ] [ HEADER ] array (
  'host' => '168.168.4.20',
  'connection' => 'keep-alive',
  'upgrade-insecure-requests' => '1',
  'user-agent' => 'Mozilla/5.0 (X11; Linux x86_64) AppleWebKit/537.36 (KHTML, like Gecko) Ubuntu Chromium/70.0.3538.77 Chrome/70.0.3538.77 Safari/537.36',
  'accept' => 'text/html,application/xhtml+xml,application/xml;q=0.9,image/webp,image/apng,*/*;q=0.8',
  'accept-encoding' => 'gzip, deflate',
  'accept-language' => 'zh-CN,zh;q=0.9,en;q=0.8,en-US;q=0.7',
  'cookie' => 'thinkphp_show_page_trace=0|0; UM_distinctid=16685f5b14775-0e2b6daf73754-24414032-1fa400-16685f5b148209; cookie_token=149d3aa38c34a4e4cb07ab5166dd8c1e85b336a5648af87dbb7cde436df497ca; admin_username=admin; ECS[visit_times]=2; CNZZDATA1260434001=1703256681-1539842422-http%253A%252F%252F168.168.4.20%252F%7C1540807386; _cnzz_CV1260434001=toJSONString%7C%7C; PHPSESSID=e0unrqfcnrigtrkl7atjsl7ks4',
)
[ info ] [ PARAM ] array (
)
[ info ] [ LANG ] /var/www/app_manage/api/public/api/../../simplewind/cmf/lang/zh-cn.php
[ info ] [ BEHAVIOR ] Run cmf\behavior\LangBehavior @app_begin [ RunTime:0.000150s ]
[ info ] [ RUN ] api\home\controller\IndexController->index[ /var/www/app_manage/api/api/home/controller/IndexController.php ]
[ info ] [ LOG ] INIT File
---------------------------------------------------------------
[ 2018-11-08T19:44:57+08:00 ] 168.168.4.20 GET /app_manage/api/public/api/
[ info ] 168.168.4.20/app_manage/api/public/api/ [运行时间：0.003790s][吞吐率：263.86req/s] [内存消耗：557.88kb] [文件加载：51]
[ info ] [ CACHE ] INIT File
[ info ] [ BEHAVIOR ] Run cmf\behavior\InitHookBehavior @app_init [ RunTime:0.000265s ]
[ info ] [ LANG ] /var/www/app_manage/api/simplewind/thinkphp/lang/zh-cn.php
[ info ] [ ROUTE ] array (
  'type' => 'module',
  'module' => 
  array (
    0 => '',
    1 => NULL,
    2 => NULL,
  ),
)
[ info ] [ HEADER ] array (
  'host' => '168.168.4.20',
  'connection' => 'keep-alive',
  'cache-control' => 'max-age=0',
  'upgrade-insecure-requests' => '1',
  'user-agent' => 'Mozilla/5.0 (X11; Linux x86_64) AppleWebKit/537.36 (KHTML, like Gecko) Ubuntu Chromium/70.0.3538.77 Chrome/70.0.3538.77 Safari/537.36',
  'accept' => 'text/html,application/xhtml+xml,application/xml;q=0.9,image/webp,image/apng,*/*;q=0.8',
  'accept-encoding' => 'gzip, deflate',
  'accept-language' => 'zh-CN,zh;q=0.9,en;q=0.8,en-US;q=0.7',
  'cookie' => 'thinkphp_show_page_trace=0|0; UM_distinctid=16685f5b14775-0e2b6daf73754-24414032-1fa400-16685f5b148209; cookie_token=149d3aa38c34a4e4cb07ab5166dd8c1e85b336a5648af87dbb7cde436df497ca; admin_username=admin; ECS[visit_times]=2; CNZZDATA1260434001=1703256681-1539842422-http%253A%252F%252F168.168.4.20%252F%7C1540807386; _cnzz_CV1260434001=toJSONString%7C%7C; PHPSESSID=e0unrqfcnrigtrkl7atjsl7ks4',
)
[ info ] [ PARAM ] array (
)
[ info ] [ LANG ] /var/www/app_manage/api/public/api/../../simplewind/cmf/lang/zh-cn.php
[ info ] [ BEHAVIOR ] Run cmf\behavior\LangBehavior @app_begin [ RunTime:0.000233s ]
[ info ] [ RUN ] api\home\controller\IndexController->index[ /var/www/app_manage/api/api/home/controller/IndexController.php ]
[ info ] [ LOG ] INIT File
---------------------------------------------------------------
[ 2018-11-08T19:46:06+08:00 ] 168.168.4.20 GET /app_manage/api/public/api/
[ info ] 168.168.4.20/app_manage/api/public/api/ [运行时间：0.003495s][吞吐率：286.12req/s] [内存消耗：557.88kb] [文件加载：51]
[ info ] [ CACHE ] INIT File
[ info ] [ BEHAVIOR ] Run cmf\behavior\InitHookBehavior @app_init [ RunTime:0.000214s ]
[ info ] [ LANG ] /var/www/app_manage/api/simplewind/thinkphp/lang/zh-cn.php
[ info ] [ ROUTE ] array (
  'type' => 'module',
  'module' => 
  array (
    0 => '',
    1 => NULL,
    2 => NULL,
  ),
)
[ info ] [ HEADER ] array (
  'host' => '168.168.4.20',
  'connection' => 'keep-alive',
  'cache-control' => 'max-age=0',
  'upgrade-insecure-requests' => '1',
  'user-agent' => 'Mozilla/5.0 (X11; Linux x86_64) AppleWebKit/537.36 (KHTML, like Gecko) Ubuntu Chromium/70.0.3538.77 Chrome/70.0.3538.77 Safari/537.36',
  'accept' => 'text/html,application/xhtml+xml,application/xml;q=0.9,image/webp,image/apng,*/*;q=0.8',
  'accept-encoding' => 'gzip, deflate',
  'accept-language' => 'zh-CN,zh;q=0.9,en;q=0.8,en-US;q=0.7',
  'cookie' => 'thinkphp_show_page_trace=0|0; UM_distinctid=16685f5b14775-0e2b6daf73754-24414032-1fa400-16685f5b148209; cookie_token=149d3aa38c34a4e4cb07ab5166dd8c1e85b336a5648af87dbb7cde436df497ca; admin_username=admin; ECS[visit_times]=2; CNZZDATA1260434001=1703256681-1539842422-http%253A%252F%252F168.168.4.20%252F%7C1540807386; _cnzz_CV1260434001=toJSONString%7C%7C; PHPSESSID=e0unrqfcnrigtrkl7atjsl7ks4',
)
[ info ] [ PARAM ] array (
)
[ info ] [ LANG ] /var/www/app_manage/api/public/api/../../simplewind/cmf/lang/zh-cn.php
[ info ] [ BEHAVIOR ] Run cmf\behavior\LangBehavior @app_begin [ RunTime:0.000152s ]
[ info ] [ RUN ] api\home\controller\IndexController->index[ /var/www/app_manage/api/api/home/controller/IndexController.php ]
[ info ] [ LOG ] INIT File
---------------------------------------------------------------
[ 2018-11-08T19:46:06+08:00 ] 168.168.4.20 GET /app_manage/api/public/api/
[ info ] 168.168.4.20/app_manage/api/public/api/ [运行时间：0.003376s][吞吐率：296.21req/s] [内存消耗：557.88kb] [文件加载：51]
[ info ] [ CACHE ] INIT File
[ info ] [ BEHAVIOR ] Run cmf\behavior\InitHookBehavior @app_init [ RunTime:0.000290s ]
[ info ] [ LANG ] /var/www/app_manage/api/simplewind/thinkphp/lang/zh-cn.php
[ info ] [ ROUTE ] array (
  'type' => 'module',
  'module' => 
  array (
    0 => '',
    1 => NULL,
    2 => NULL,
  ),
)
[ info ] [ HEADER ] array (
  'host' => '168.168.4.20',
  'connection' => 'keep-alive',
  'cache-control' => 'max-age=0',
  'upgrade-insecure-requests' => '1',
  'user-agent' => 'Mozilla/5.0 (X11; Linux x86_64) AppleWebKit/537.36 (KHTML, like Gecko) Ubuntu Chromium/70.0.3538.77 Chrome/70.0.3538.77 Safari/537.36',
  'accept' => 'text/html,application/xhtml+xml,application/xml;q=0.9,image/webp,image/apng,*/*;q=0.8',
  'accept-encoding' => 'gzip, deflate',
  'accept-language' => 'zh-CN,zh;q=0.9,en;q=0.8,en-US;q=0.7',
  'cookie' => 'thinkphp_show_page_trace=0|0; UM_distinctid=16685f5b14775-0e2b6daf73754-24414032-1fa400-16685f5b148209; cookie_token=149d3aa38c34a4e4cb07ab5166dd8c1e85b336a5648af87dbb7cde436df497ca; admin_username=admin; ECS[visit_times]=2; CNZZDATA1260434001=1703256681-1539842422-http%253A%252F%252F168.168.4.20%252F%7C1540807386; _cnzz_CV1260434001=toJSONString%7C%7C; PHPSESSID=e0unrqfcnrigtrkl7atjsl7ks4',
)
[ info ] [ PARAM ] array (
)
[ info ] [ LANG ] /var/www/app_manage/api/public/api/../../simplewind/cmf/lang/zh-cn.php
[ info ] [ BEHAVIOR ] Run cmf\behavior\LangBehavior @app_begin [ RunTime:0.000161s ]
[ info ] [ RUN ] api\home\controller\IndexController->index[ /var/www/app_manage/api/api/home/controller/IndexController.php ]
[ info ] [ LOG ] INIT File
---------------------------------------------------------------
[ 2018-11-08T19:46:06+08:00 ] 168.168.4.20 GET /app_manage/api/public/api/
[ info ] 168.168.4.20/app_manage/api/public/api/ [运行时间：0.002645s][吞吐率：378.07req/s] [内存消耗：557.88kb] [文件加载：51]
[ info ] [ CACHE ] INIT File
[ info ] [ BEHAVIOR ] Run cmf\behavior\InitHookBehavior @app_init [ RunTime:0.000203s ]
[ info ] [ LANG ] /var/www/app_manage/api/simplewind/thinkphp/lang/zh-cn.php
[ info ] [ ROUTE ] array (
  'type' => 'module',
  'module' => 
  array (
    0 => '',
    1 => NULL,
    2 => NULL,
  ),
)
[ info ] [ HEADER ] array (
  'host' => '168.168.4.20',
  'connection' => 'keep-alive',
  'cache-control' => 'max-age=0',
  'upgrade-insecure-requests' => '1',
  'user-agent' => 'Mozilla/5.0 (X11; Linux x86_64) AppleWebKit/537.36 (KHTML, like Gecko) Ubuntu Chromium/70.0.3538.77 Chrome/70.0.3538.77 Safari/537.36',
  'accept' => 'text/html,application/xhtml+xml,application/xml;q=0.9,image/webp,image/apng,*/*;q=0.8',
  'accept-encoding' => 'gzip, deflate',
  'accept-language' => 'zh-CN,zh;q=0.9,en;q=0.8,en-US;q=0.7',
  'cookie' => 'thinkphp_show_page_trace=0|0; UM_distinctid=16685f5b14775-0e2b6daf73754-24414032-1fa400-16685f5b148209; cookie_token=149d3aa38c34a4e4cb07ab5166dd8c1e85b336a5648af87dbb7cde436df497ca; admin_username=admin; ECS[visit_times]=2; CNZZDATA1260434001=1703256681-1539842422-http%253A%252F%252F168.168.4.20%252F%7C1540807386; _cnzz_CV1260434001=toJSONString%7C%7C; PHPSESSID=e0unrqfcnrigtrkl7atjsl7ks4',
)
[ info ] [ PARAM ] array (
)
[ info ] [ LANG ] /var/www/app_manage/api/public/api/../../simplewind/cmf/lang/zh-cn.php
[ info ] [ BEHAVIOR ] Run cmf\behavior\LangBehavior @app_begin [ RunTime:0.000137s ]
[ info ] [ RUN ] api\home\controller\IndexController->index[ /var/www/app_manage/api/api/home/controller/IndexController.php ]
[ info ] [ LOG ] INIT File
---------------------------------------------------------------
[ 2018-11-08T19:46:06+08:00 ] 168.168.4.20 GET /app_manage/api/public/api/
[ info ] 168.168.4.20/app_manage/api/public/api/ [运行时间：0.002999s][吞吐率：333.46req/s] [内存消耗：557.88kb] [文件加载：51]
[ info ] [ CACHE ] INIT File
[ info ] [ BEHAVIOR ] Run cmf\behavior\InitHookBehavior @app_init [ RunTime:0.000204s ]
[ info ] [ LANG ] /var/www/app_manage/api/simplewind/thinkphp/lang/zh-cn.php
[ info ] [ ROUTE ] array (
  'type' => 'module',
  'module' => 
  array (
    0 => '',
    1 => NULL,
    2 => NULL,
  ),
)
[ info ] [ HEADER ] array (
  'host' => '168.168.4.20',
  'connection' => 'keep-alive',
  'cache-control' => 'max-age=0',
  'upgrade-insecure-requests' => '1',
  'user-agent' => 'Mozilla/5.0 (X11; Linux x86_64) AppleWebKit/537.36 (KHTML, like Gecko) Ubuntu Chromium/70.0.3538.77 Chrome/70.0.3538.77 Safari/537.36',
  'accept' => 'text/html,application/xhtml+xml,application/xml;q=0.9,image/webp,image/apng,*/*;q=0.8',
  'accept-encoding' => 'gzip, deflate',
  'accept-language' => 'zh-CN,zh;q=0.9,en;q=0.8,en-US;q=0.7',
  'cookie' => 'thinkphp_show_page_trace=0|0; UM_distinctid=16685f5b14775-0e2b6daf73754-24414032-1fa400-16685f5b148209; cookie_token=149d3aa38c34a4e4cb07ab5166dd8c1e85b336a5648af87dbb7cde436df497ca; admin_username=admin; ECS[visit_times]=2; CNZZDATA1260434001=1703256681-1539842422-http%253A%252F%252F168.168.4.20%252F%7C1540807386; _cnzz_CV1260434001=toJSONString%7C%7C; PHPSESSID=e0unrqfcnrigtrkl7atjsl7ks4',
)
[ info ] [ PARAM ] array (
)
[ info ] [ LANG ] /var/www/app_manage/api/public/api/../../simplewind/cmf/lang/zh-cn.php
[ info ] [ BEHAVIOR ] Run cmf\behavior\LangBehavior @app_begin [ RunTime:0.000228s ]
[ info ] [ RUN ] api\home\controller\IndexController->index[ /var/www/app_manage/api/api/home/controller/IndexController.php ]
[ info ] [ LOG ] INIT File
---------------------------------------------------------------
[ 2018-11-08T20:00:41+08:00 ] 168.168.4.20 GET /app_manage/api/public/api/
[ info ] 168.168.4.20/app_manage/api/public/api/ [运行时间：0.077176s][吞吐率：12.96req/s] [内存消耗：557.49kb] [文件加载：51]
[ info ] [ CACHE ] INIT File
[ info ] [ BEHAVIOR ] Run cmf\behavior\InitHookBehavior @app_init [ RunTime:0.000261s ]
[ info ] [ LANG ] /var/www/app_manage/api/simplewind/thinkphp/lang/zh-cn.php
[ info ] [ ROUTE ] array (
  'type' => 'module',
  'module' => 
  array (
    0 => '',
    1 => NULL,
    2 => NULL,
  ),
)
[ info ] [ HEADER ] array (
  'host' => '168.168.4.20',
  'connection' => 'keep-alive',
  'upgrade-insecure-requests' => '1',
  'user-agent' => 'Mozilla/5.0 (X11; Linux x86_64) AppleWebKit/537.36 (KHTML, like Gecko) Ubuntu Chromium/70.0.3538.77 Chrome/70.0.3538.77 Safari/537.36',
  'accept' => 'text/html,application/xhtml+xml,application/xml;q=0.9,image/webp,image/apng,*/*;q=0.8',
  'accept-encoding' => 'gzip, deflate',
  'accept-language' => 'zh-CN,zh;q=0.9,en;q=0.8,en-US;q=0.7',
  'cookie' => 'thinkphp_show_page_trace=0|0; UM_distinctid=16685f5b14775-0e2b6daf73754-24414032-1fa400-16685f5b148209; cookie_token=149d3aa38c34a4e4cb07ab5166dd8c1e85b336a5648af87dbb7cde436df497ca; admin_username=admin; ECS[visit_times]=2; CNZZDATA1260434001=1703256681-1539842422-http%253A%252F%252F168.168.4.20%252F%7C1540807386; _cnzz_CV1260434001=toJSONString%7C%7C; PHPSESSID=e0unrqfcnrigtrkl7atjsl7ks4',
)
[ info ] [ PARAM ] array (
)
[ info ] [ LANG ] /var/www/app_manage/api/public/api/../../simplewind/cmf/lang/zh-cn.php
[ info ] [ BEHAVIOR ] Run cmf\behavior\LangBehavior @app_begin [ RunTime:0.000139s ]
[ info ] [ RUN ] api\home\controller\IndexController->index[ /var/www/app_manage/api/api/home/controller/IndexController.php ]
[ info ] [ LOG ] INIT File
