---------------------------------------------------------------
[ 2018-11-12T11:51:41+08:00 ] 127.0.0.1 GET /server/public/api/admin/public/login
[ info ] app.firefly.net/server/public/api/admin/public/login [运行时间：0.030151s][吞吐率：33.17req/s] [内存消耗：568.30kb] [文件加载：51]
[ info ] [ CACHE ] INIT File
[ info ] [ BEHAVIOR ] Run cmf\behavior\InitHookBehavior @app_init [ RunTime:0.003180s ]
[ info ] [ LANG ] /var/www/app_manage/server/simplewind/thinkphp/lang/zh-cn.php
[ info ] [ ROUTE ] array (
  'type' => 'module',
  'module' => 
  array (
    0 => 'admin',
    1 => 'public',
    2 => 'login',
  ),
)
[ info ] [ HEADER ] array (
  'host' => 'app.firefly.net',
  'connection' => 'keep-alive',
  'upgrade-insecure-requests' => '1',
  'user-agent' => 'Mozilla/5.0 (X11; Linux x86_64) AppleWebKit/537.36 (KHTML, like Gecko) Ubuntu Chromium/70.0.3538.77 Chrome/70.0.3538.77 Safari/537.36',
  'accept' => 'text/html,application/xhtml+xml,application/xml;q=0.9,image/webp,image/apng,*/*;q=0.8',
  'accept-encoding' => 'gzip, deflate',
  'accept-language' => 'zh-CN,zh;q=0.9,en;q=0.8,en-US;q=0.7',
  'cookie' => 'thinkphp_show_page_trace=0|0; UM_distinctid=1667fd2275a0-08dd174ce67d0d-24414032-1fa400-1667fd2275b4a6; PHPSESSID=v5tc98b9jp9ujh2v7h4hgul457',
)
[ info ] [ PARAM ] array (
)
[ info ] [ LANG ] /var/www/app_manage/server/public/api/../../simplewind/cmf/lang/zh-cn.php
[ info ] [ BEHAVIOR ] Run cmf\behavior\LangBehavior @app_begin [ RunTime:0.000208s ]
[ info ] [ RUN ] api\admin\controller\PublicController->login[ /var/www/app_manage/server/api/admin/controller/PublicController.php ]
[ info ] [ LOG ] INIT File
---------------------------------------------------------------
[ 2018-11-12T11:51:48+08:00 ] 127.0.0.1 POST /server/public/api/admin/public/login
[ info ] app.firefly.net/server/public/api/admin/public/login [运行时间：0.006032s][吞吐率：165.78req/s] [内存消耗：563.69kb] [文件加载：51]
[ info ] [ CACHE ] INIT File
[ info ] [ BEHAVIOR ] Run cmf\behavior\InitHookBehavior @app_init [ RunTime:0.000337s ]
[ info ] [ LANG ] /var/www/app_manage/server/simplewind/thinkphp/lang/zh-cn.php
[ info ] [ ROUTE ] array (
  'type' => 'module',
  'module' => 
  array (
    0 => 'admin',
    1 => 'public',
    2 => 'login',
  ),
)
[ info ] [ HEADER ] array (
  'host' => 'app.firefly.net',
  'connection' => 'keep-alive',
  'content-length' => '70',
  'user-agent' => 'Mozilla/5.0 (X11; Linux x86_64) AppleWebKit/537.36 (KHTML, like Gecko) Ubuntu Chromium/70.0.3538.77 Chrome/70.0.3538.77 Safari/537.36',
  'cache-control' => 'no-cache',
  'origin' => 'chrome-extension://fhbjgbiflinjbdggehcddcbncdddomop',
  'postman-token' => 'e376fb13-c2e4-bd25-10a9-a4d853d5923a',
  'content-type' => 'application/x-www-form-urlencoded',
  'accept' => '*/*',
  'accept-encoding' => 'gzip, deflate',
  'accept-language' => 'zh-CN,zh;q=0.9,en;q=0.8,en-US;q=0.7',
)
[ info ] [ PARAM ] array (
  'openid' => '123456',
  'content' => '123',
  'action' => 'video',
  'mac' => 'ac:83:f3:9e:3f:ae',
)
[ info ] [ LANG ] /var/www/app_manage/server/public/api/../../simplewind/cmf/lang/zh-cn.php
[ info ] [ BEHAVIOR ] Run cmf\behavior\LangBehavior @app_begin [ RunTime:0.000161s ]
[ info ] [ RUN ] api\admin\controller\PublicController->login[ /var/www/app_manage/server/api/admin/controller/PublicController.php ]
[ info ] [ LOG ] INIT File
---------------------------------------------------------------
[ 2018-11-12T11:52:20+08:00 ] 127.0.0.1 POST /server/public/api/admin/public/login
[ info ] app.firefly.net/server/public/api/admin/public/login [运行时间：0.010514s][吞吐率：95.11req/s] [内存消耗：754.14kb] [文件加载：57]
[ info ] [ CACHE ] INIT File
[ info ] [ BEHAVIOR ] Run cmf\behavior\InitHookBehavior @app_init [ RunTime:0.000286s ]
[ info ] [ LANG ] /var/www/app_manage/server/simplewind/thinkphp/lang/zh-cn.php
[ info ] [ ROUTE ] array (
  'type' => 'module',
  'module' => 
  array (
    0 => 'admin',
    1 => 'public',
    2 => 'login',
  ),
)
[ info ] [ HEADER ] array (
  'host' => 'app.firefly.net',
  'connection' => 'keep-alive',
  'content-length' => '76',
  'user-agent' => 'Mozilla/5.0 (X11; Linux x86_64) AppleWebKit/537.36 (KHTML, like Gecko) Ubuntu Chromium/70.0.3538.77 Chrome/70.0.3538.77 Safari/537.36',
  'cache-control' => 'no-cache',
  'origin' => 'chrome-extension://fhbjgbiflinjbdggehcddcbncdddomop',
  'postman-token' => 'b9da0a58-af8b-8edc-16a0-97a2ca796a02',
  'content-type' => 'application/x-www-form-urlencoded',
  'accept' => '*/*',
  'accept-encoding' => 'gzip, deflate',
  'accept-language' => 'zh-CN,zh;q=0.9,en;q=0.8,en-US;q=0.7',
)
[ info ] [ PARAM ] array (
  'username' => 'admin',
  'password' => 'a123456',
  'action' => 'video',
  'mac' => 'ac:83:f3:9e:3f:ae',
)
[ info ] [ LANG ] /var/www/app_manage/server/public/api/../../simplewind/cmf/lang/zh-cn.php
[ info ] [ BEHAVIOR ] Run cmf\behavior\LangBehavior @app_begin [ RunTime:0.000159s ]
[ info ] [ RUN ] api\admin\controller\PublicController->login[ /var/www/app_manage/server/api/admin/controller/PublicController.php ]
[ info ] [ DB ] INIT mysql
[ info ] [ LOG ] INIT File
[ sql ] [ DB ] CONNECT:[ UseTime:0.001145s ] mysql:host=168.168.0.253;port=3306;dbname=app_manage;charset=utf8mb4
[ sql ] [ SQL ] SHOW COLUMNS FROM `am_user` [ RunTime:0.001693s ]
[ sql ] [ SQL ] SELECT * FROM `am_user` WHERE  `user_login` = 'admin' LIMIT 1 [ RunTime:0.001165s ]
---------------------------------------------------------------
[ 2018-11-12T11:54:10+08:00 ] 127.0.0.1 POST /server/public/api/admin/public/login
[ info ] app.firefly.net/server/public/api/admin/public/login [运行时间：0.029634s][吞吐率：33.75req/s] [内存消耗：750.40kb] [文件加载：57]
[ info ] [ CACHE ] INIT File
[ info ] [ BEHAVIOR ] Run cmf\behavior\InitHookBehavior @app_init [ RunTime:0.000298s ]
[ info ] [ LANG ] /var/www/app_manage/server/simplewind/thinkphp/lang/zh-cn.php
[ info ] [ ROUTE ] array (
  'type' => 'module',
  'module' => 
  array (
    0 => 'admin',
    1 => 'public',
    2 => 'login',
  ),
)
[ info ] [ HEADER ] array (
  'host' => 'app.firefly.net',
  'connection' => 'keep-alive',
  'content-length' => '47',
  'user-agent' => 'Mozilla/5.0 (X11; Linux x86_64) AppleWebKit/537.36 (KHTML, like Gecko) Ubuntu Chromium/70.0.3538.77 Chrome/70.0.3538.77 Safari/537.36',
  'cache-control' => 'no-cache',
  'origin' => 'chrome-extension://fhbjgbiflinjbdggehcddcbncdddomop',
  'postman-token' => '38a739e7-94ac-717f-7bf4-3b1ce42a3b6b',
  'content-type' => 'application/x-www-form-urlencoded',
  'accept' => '*/*',
  'accept-encoding' => 'gzip, deflate',
  'accept-language' => 'zh-CN,zh;q=0.9,en;q=0.8,en-US;q=0.7',
)
[ info ] [ PARAM ] array (
  'username' => 'admin',
  'password' => 'a123456',
  'device_type' => 'web',
)
[ info ] [ LANG ] /var/www/app_manage/server/public/api/../../simplewind/cmf/lang/zh-cn.php
[ info ] [ BEHAVIOR ] Run cmf\behavior\LangBehavior @app_begin [ RunTime:0.000141s ]
[ info ] [ RUN ] api\admin\controller\PublicController->login[ /var/www/app_manage/server/api/admin/controller/PublicController.php ]
[ info ] [ DB ] INIT mysql
[ info ] [ LOG ] INIT File
[ sql ] [ DB ] CONNECT:[ UseTime:0.001244s ] mysql:host=168.168.0.253;port=3306;dbname=app_manage;charset=utf8mb4
[ sql ] [ SQL ] SHOW COLUMNS FROM `am_user` [ RunTime:0.001681s ]
[ sql ] [ SQL ] SELECT * FROM `am_user` WHERE  `user_login` = 'admin' LIMIT 1 [ RunTime:0.001222s ]
[ sql ] [ SQL ] SHOW COLUMNS FROM `am_user_token` [ RunTime:0.001527s ]
[ sql ] [ SQL ] SELECT * FROM `am_user_token` WHERE  `user_id` = 1  AND `device_type` = 'web' LIMIT 1 [ RunTime:0.000925s ]
[ sql ] [ SQL ] UPDATE `am_user_token`  SET `token`='a1759f7ffa2cae1cb60b7e0920ada785a7c465fac7b073b9512b41f0b8815a10',`expire_time`=1557546850,`create_time`=1541994850  WHERE  `user_id` = 1  AND `device_type` = 'web' [ RunTime:0.015861s ]
